[2016-09-05 19:14:17,640] {/Users/sp41mer/PycharmProjects/Logger/Logger.py:15} INFO - GET REQUEST: 
HEADERS:
 Content-Length: 
User-Agent: Mozilla/5.0 (Macintosh; Intel Mac OS X 10_10_5) AppleWebKit/537.36 (KHTML, like Gecko) Chrome/52.0.2743.116 Safari/537.36
Connection: keep-alive
Postman-Token: 8daa3a22-5c9d-947d-d9b7-2cfa53c1ceaf
Host: 127.0.0.1:5000
Cache-Control: no-cache
Accept: */*
Accept-Language: ru-RU,ru;q=0.8,en-US;q=0.6,en;q=0.4
Content-Type: 
Accept-Encoding: gzip, deflate, sdch

QUERY STRING:
 dfv=xzcv

[2016-09-05 19:14:17,793] {/Users/sp41mer/PycharmProjects/Logger/Logger.py:15} INFO - GET REQUEST: 
HEADERS:
 Content-Length: 
User-Agent: Mozilla/5.0 (Macintosh; Intel Mac OS X 10_10_5) AppleWebKit/537.36 (KHTML, like Gecko) Chrome/52.0.2743.116 Safari/537.36
Connection: keep-alive
Postman-Token: 004c868d-6228-2adc-b945-0ac5c0ea0804
Host: 127.0.0.1:5000
Cache-Control: no-cache
Accept: */*
Accept-Language: ru-RU,ru;q=0.8,en-US;q=0.6,en;q=0.4
Content-Type: 
Accept-Encoding: gzip, deflate, sdch

QUERY STRING:
 dfv=xzcv

[2016-09-05 19:14:17,954] {/Users/sp41mer/PycharmProjects/Logger/Logger.py:15} INFO - GET REQUEST: 
HEADERS:
 Content-Length: 
User-Agent: Mozilla/5.0 (Macintosh; Intel Mac OS X 10_10_5) AppleWebKit/537.36 (KHTML, like Gecko) Chrome/52.0.2743.116 Safari/537.36
Connection: keep-alive
Postman-Token: e77fb1b1-9f7c-0993-1a4a-aeecc59051c1
Host: 127.0.0.1:5000
Cache-Control: no-cache
Accept: */*
Accept-Language: ru-RU,ru;q=0.8,en-US;q=0.6,en;q=0.4
Content-Type: 
Accept-Encoding: gzip, deflate, sdch

QUERY STRING:
 dfv=xzcv

[2016-09-05 19:14:18,112] {/Users/sp41mer/PycharmProjects/Logger/Logger.py:15} INFO - GET REQUEST: 
HEADERS:
 Content-Length: 
User-Agent: Mozilla/5.0 (Macintosh; Intel Mac OS X 10_10_5) AppleWebKit/537.36 (KHTML, like Gecko) Chrome/52.0.2743.116 Safari/537.36
Connection: keep-alive
Postman-Token: ef95dec8-4e48-9e65-363b-2820c65fa678
Host: 127.0.0.1:5000
Cache-Control: no-cache
Accept: */*
Accept-Language: ru-RU,ru;q=0.8,en-US;q=0.6,en;q=0.4
Content-Type: 
Accept-Encoding: gzip, deflate, sdch

QUERY STRING:
 dfv=xzcv

[2016-09-05 19:14:18,268] {/Users/sp41mer/PycharmProjects/Logger/Logger.py:15} INFO - GET REQUEST: 
HEADERS:
 Content-Length: 
User-Agent: Mozilla/5.0 (Macintosh; Intel Mac OS X 10_10_5) AppleWebKit/537.36 (KHTML, like Gecko) Chrome/52.0.2743.116 Safari/537.36
Connection: keep-alive
Postman-Token: 3f4b34fc-91ba-5d84-379d-b1d2972fda07
Host: 127.0.0.1:5000
Cache-Control: no-cache
Accept: */*
Accept-Language: ru-RU,ru;q=0.8,en-US;q=0.6,en;q=0.4
Content-Type: 
Accept-Encoding: gzip, deflate, sdch

QUERY STRING:
 dfv=xzcv

[2016-09-05 19:14:18,412] {/Users/sp41mer/PycharmProjects/Logger/Logger.py:15} INFO - GET REQUEST: 
HEADERS:
 Content-Length: 
User-Agent: Mozilla/5.0 (Macintosh; Intel Mac OS X 10_10_5) AppleWebKit/537.36 (KHTML, like Gecko) Chrome/52.0.2743.116 Safari/537.36
Connection: keep-alive
Postman-Token: c8ae5de0-e233-7fef-5dc3-e66178f6a3b8
Host: 127.0.0.1:5000
Cache-Control: no-cache
Accept: */*
Accept-Language: ru-RU,ru;q=0.8,en-US;q=0.6,en;q=0.4
Content-Type: 
Accept-Encoding: gzip, deflate, sdch

QUERY STRING:
 dfv=xzcv

[2016-09-05 19:14:21,395] {/Users/sp41mer/PycharmProjects/Logger/Logger.py:15} INFO - POST REQUEST: 
HEADERS:
 Origin: chrome-extension://fhbjgbiflinjbdggehcddcbncdddomop
Content-Length: 0
User-Agent: Mozilla/5.0 (Macintosh; Intel Mac OS X 10_10_5) AppleWebKit/537.36 (KHTML, like Gecko) Chrome/52.0.2743.116 Safari/537.36
Connection: keep-alive
Postman-Token: 1a8becb5-af53-8634-bbec-5eb4fc1fc481
Host: 127.0.0.1:5000
Cache-Control: no-cache
Accept: */*
Accept-Language: ru-RU,ru;q=0.8,en-US;q=0.6,en;q=0.4
Content-Type: 
Accept-Encoding: gzip, deflate

QUERY STRING:
 dfv=xzcv

[2016-09-05 19:14:21,543] {/Users/sp41mer/PycharmProjects/Logger/Logger.py:15} INFO - POST REQUEST: 
HEADERS:
 Origin: chrome-extension://fhbjgbiflinjbdggehcddcbncdddomop
Content-Length: 0
User-Agent: Mozilla/5.0 (Macintosh; Intel Mac OS X 10_10_5) AppleWebKit/537.36 (KHTML, like Gecko) Chrome/52.0.2743.116 Safari/537.36
Connection: keep-alive
Postman-Token: 9040c25b-69ca-d441-4e54-04a5cf7e4eb9
Host: 127.0.0.1:5000
Cache-Control: no-cache
Accept: */*
Accept-Language: ru-RU,ru;q=0.8,en-US;q=0.6,en;q=0.4
Content-Type: 
Accept-Encoding: gzip, deflate

QUERY STRING:
 dfv=xzcv

[2016-09-05 19:14:21,698] {/Users/sp41mer/PycharmProjects/Logger/Logger.py:15} INFO - POST REQUEST: 
HEADERS:
 Origin: chrome-extension://fhbjgbiflinjbdggehcddcbncdddomop
Content-Length: 0
User-Agent: Mozilla/5.0 (Macintosh; Intel Mac OS X 10_10_5) AppleWebKit/537.36 (KHTML, like Gecko) Chrome/52.0.2743.116 Safari/537.36
Connection: keep-alive
Postman-Token: 18fda86d-9d86-6038-2849-b70fe7d46ead
Host: 127.0.0.1:5000
Cache-Control: no-cache
Accept: */*
Accept-Language: ru-RU,ru;q=0.8,en-US;q=0.6,en;q=0.4
Content-Type: 
Accept-Encoding: gzip, deflate

QUERY STRING:
 dfv=xzcv

[2016-09-05 19:14:21,865] {/Users/sp41mer/PycharmProjects/Logger/Logger.py:15} INFO - POST REQUEST: 
HEADERS:
 Origin: chrome-extension://fhbjgbiflinjbdggehcddcbncdddomop
Content-Length: 0
User-Agent: Mozilla/5.0 (Macintosh; Intel Mac OS X 10_10_5) AppleWebKit/537.36 (KHTML, like Gecko) Chrome/52.0.2743.116 Safari/537.36
Connection: keep-alive
Postman-Token: 0442780f-2c79-d943-3b10-576ae2e72a7f
Host: 127.0.0.1:5000
Cache-Control: no-cache
Accept: */*
Accept-Language: ru-RU,ru;q=0.8,en-US;q=0.6,en;q=0.4
Content-Type: 
Accept-Encoding: gzip, deflate

QUERY STRING:
 dfv=xzcv

[2016-09-05 19:14:21,994] {/Users/sp41mer/PycharmProjects/Logger/Logger.py:15} INFO - POST REQUEST: 
HEADERS:
 Origin: chrome-extension://fhbjgbiflinjbdggehcddcbncdddomop
Content-Length: 0
User-Agent: Mozilla/5.0 (Macintosh; Intel Mac OS X 10_10_5) AppleWebKit/537.36 (KHTML, like Gecko) Chrome/52.0.2743.116 Safari/537.36
Connection: keep-alive
Postman-Token: 02e2a648-addc-cdbb-9800-5b0c16a41bf8
Host: 127.0.0.1:5000
Cache-Control: no-cache
Accept: */*
Accept-Language: ru-RU,ru;q=0.8,en-US;q=0.6,en;q=0.4
Content-Type: 
Accept-Encoding: gzip, deflate

QUERY STRING:
 dfv=xzcv

[2016-09-05 19:14:22,149] {/Users/sp41mer/PycharmProjects/Logger/Logger.py:15} INFO - POST REQUEST: 
HEADERS:
 Origin: chrome-extension://fhbjgbiflinjbdggehcddcbncdddomop
Content-Length: 0
User-Agent: Mozilla/5.0 (Macintosh; Intel Mac OS X 10_10_5) AppleWebKit/537.36 (KHTML, like Gecko) Chrome/52.0.2743.116 Safari/537.36
Connection: keep-alive
Postman-Token: b1fc4230-2f44-17c0-cf27-1efb91f64bd0
Host: 127.0.0.1:5000
Cache-Control: no-cache
Accept: */*
Accept-Language: ru-RU,ru;q=0.8,en-US;q=0.6,en;q=0.4
Content-Type: 
Accept-Encoding: gzip, deflate

QUERY STRING:
 dfv=xzcv

[2016-09-05 19:14:22,317] {/Users/sp41mer/PycharmProjects/Logger/Logger.py:15} INFO - POST REQUEST: 
HEADERS:
 Origin: chrome-extension://fhbjgbiflinjbdggehcddcbncdddomop
Content-Length: 0
User-Agent: Mozilla/5.0 (Macintosh; Intel Mac OS X 10_10_5) AppleWebKit/537.36 (KHTML, like Gecko) Chrome/52.0.2743.116 Safari/537.36
Connection: keep-alive
Postman-Token: 0b69d351-abf7-0a20-b572-e9ef67231caa
Host: 127.0.0.1:5000
Cache-Control: no-cache
Accept: */*
Accept-Language: ru-RU,ru;q=0.8,en-US;q=0.6,en;q=0.4
Content-Type: 
Accept-Encoding: gzip, deflate

QUERY STRING:
 dfv=xzcv

