[2016-09-05 19:51:29,190] {/Users/sp41mer/PycharmProjects/Logger/Logger.py:15} INFO - GET REQUEST: 
HEADERS:
 Content-Length: 
User-Agent: Mozilla/5.0 (Macintosh; Intel Mac OS X 10_10_5) AppleWebKit/601.4.4 (KHTML, like Gecko) Version/9.0.3 Safari/601.4.4
Host: efe66d46.ngrok.io
Accept: text/html,application/xhtml+xml,application/xml;q=0.9,*/*;q=0.8
Accept-Language: ru
X-Forwarded-For: 81.88.222.184
Content-Type: 
Accept-Encoding: gzip, deflate

QUERY STRING:
 test=testone&test=%D1%82%D0%B5%D1%81%D1%82

[2016-09-05 19:56:17,091] {/Users/sp41mer/PycharmProjects/Logger/Logger.py:15} INFO - GET REQUEST: 
HEADERS:
 Cookie: csrftoken=Chg6AaMZv4XpTU50VCFsbcLlym8VpXE8
Content-Length: 
User-Agent: Mozilla/5.0 (Macintosh; Intel Mac OS X 10_10_5) AppleWebKit/601.4.4 (KHTML, like Gecko) Version/9.0.3 Safari/601.4.4
Connection: keep-alive
Host: 127.0.0.1:5000
Accept: text/html,application/xhtml+xml,application/xml;q=0.9,*/*;q=0.8
Accept-Language: ru
Content-Type: 
Accept-Encoding: gzip, deflate

QUERY STRING:
 test=%D1%82%D0%B5%D1%81%D1%82

[2016-09-05 19:58:30,892] {/Users/sp41mer/PycharmProjects/Logger/Logger.py:15} INFO - GET REQUEST: 
HEADERS:
 Cookie: csrftoken=Chg6AaMZv4XpTU50VCFsbcLlym8VpXE8
Content-Length: 
User-Agent: Mozilla/5.0 (Macintosh; Intel Mac OS X 10_10_5) AppleWebKit/601.4.4 (KHTML, like Gecko) Version/9.0.3 Safari/601.4.4
Connection: keep-alive
Host: 127.0.0.1:5000
Accept: text/html,application/xhtml+xml,application/xml;q=0.9,*/*;q=0.8
Accept-Language: ru
Content-Type: 
Accept-Encoding: gzip, deflate

QUERY STRING:
 test=%D1%82%D0%B5%D1%81%D1%82

